# JRE version: Java(TM) SE Runtime Environment (8.0_45-b14) (build 1.8.0_45-b14)
# Java VM: Java HotSpot(TM) 64-Bit Server VM (25.45-b02 mixed mode windows-amd64 compressed oops)
Heap:
 PSYoungGen      total 142336K, used 29954K [0x00000000d5980000, 0x00000000e7680000, 0x0000000100000000)
  eden space 132096K, 14% used [0x00000000d5980000,0x00000000d6cc8870,0x00000000dda80000)
  from space 10240K, 99% used [0x00000000dda80000,0x00000000de478368,0x00000000de480000)
  to   space 13824K, 0% used [0x00000000e6900000,0x00000000e6900000,0x00000000e7680000)
 ParOldGen       total 87552K, used 6964K [0x0000000080c00000, 0x0000000086180000, 0x00000000d5980000)
  object space 87552K, 7% used [0x0000000080c00000,0x00000000812cd088,0x0000000086180000)
 Metaspace       used 3742K, capacity 4534K, committed 4864K, reserved 1056768K
  class space    used 423K, capacity 426K, committed 512K, reserved 1048576K
GC Heap History (10 events):
Event: 0.534 GC heap before
{Heap before GC invocations=3 (full 0):
 PSYoungGen      total 38400K, used 36646K [0x00000000d5980000, 0x00000000da480000, 0x0000000100000000)
  eden space 33280K, 100% used [0x00000000d5980000,0x00000000d7a00000,0x00000000d7a00000)
  from space 5120K, 65% used [0x00000000d7f00000,0x00000000d8249bb8,0x00000000d8400000)
  to   space 5120K, 0% used [0x00000000d7a00000,0x00000000d7a00000,0x00000000d7f00000)
 ParOldGen       total 87552K, used 16K [0x0000000080c00000, 0x0000000086180000, 0x00000000d5980000)
  object space 87552K, 0% used [0x0000000080c00000,0x0000000080c04000,0x0000000086180000)
 Metaspace       used 3713K, capacity 4530K, committed 4864K, reserved 1056768K
  class space    used 421K, capacity 426K, committed 512K, reserved 1048576K
Event: 0.539 GC heap after
Heap after GC invocations=3 (full 0):
 PSYoungGen      total 38400K, used 4642K [0x00000000d5980000, 0x00000000da480000, 0x0000000100000000)
  eden space 33280K, 0% used [0x00000000d5980000,0x00000000d5980000,0x00000000d7a00000)
  from space 5120K, 90% used [0x00000000d7a00000,0x00000000d7e88980,0x00000000d7f00000)
  to   space 5120K, 0% used [0x00000000d9f80000,0x00000000d9f80000,0x00000000da480000)
 ParOldGen       total 87552K, used 24K [0x0000000080c00000, 0x0000000086180000, 0x00000000d5980000)
  object space 87552K, 0% used [0x0000000080c00000,0x0000000080c06000,0x0000000086180000)
 Metaspace       used 3713K, capacity 4530K, committed 4864K, reserved 1056768K
  class space    used 421K, capacity 426K, committed 512K, reserved 1048576K
}
Event: 0.568 GC heap before
{Heap before GC invocations=4 (full 0):
 PSYoungGen      total 38400K, used 37922K [0x00000000d5980000, 0x00000000da480000, 0x0000000100000000)
  eden space 33280K, 100% used [0x00000000d5980000,0x00000000d7a00000,0x00000000d7a00000)
  from space 5120K, 90% used [0x00000000d7a00000,0x00000000d7e88980,0x00000000d7f00000)
  to   space 5120K, 0% used [0x00000000d9f80000,0x00000000d9f80000,0x00000000da480000)
 ParOldGen       total 87552K, used 24K [0x0000000080c00000, 0x0000000086180000, 0x00000000d5980000)
  object space 87552K, 0% used [0x0000000080c00000,0x0000000080c06000,0x0000000086180000)
 Metaspace       used 3720K, capacity 4530K, committed 4864K, reserved 1056768K
  class space    used 421K, capacity 426K, committed 512K, reserved 1048576K
Event: 0.573 GC heap after
Heap after GC invocations=4 (full 0):
 PSYoungGen      total 71680K, used 5099K [0x00000000d5980000, 0x00000000da480000, 0x0000000100000000)
  eden space 66560K, 0% used [0x00000000d5980000,0x00000000d5980000,0x00000000d9a80000)
  from space 5120K, 99% used [0x00000000d9f80000,0x00000000da47ae28,0x00000000da480000)
  to   space 5120K, 0% used [0x00000000d9a80000,0x00000000d9a80000,0x00000000d9f80000)
 ParOldGen       total 87552K, used 960K [0x0000000080c00000, 0x0000000086180000, 0x00000000d5980000)
  object space 87552K, 1% used [0x0000000080c00000,0x0000000080cf0000,0x0000000086180000)
 Metaspace       used 3720K, capacity 4530K, committed 4864K, reserved 1056768K
  class space    used 421K, capacity 426K, committed 512K, reserved 1048576K
}
Event: 0.630 GC heap before
{Heap before GC invocations=5 (full 0):
 PSYoungGen      total 71680K, used 71659K [0x00000000d5980000, 0x00000000da480000, 0x0000000100000000)
  eden space 66560K, 100% used [0x00000000d5980000,0x00000000d9a80000,0x00000000d9a80000)
  from space 5120K, 99% used [0x00000000d9f80000,0x00000000da47ae28,0x00000000da480000)
  to   space 5120K, 0% used [0x00000000d9a80000,0x00000000d9a80000,0x00000000d9f80000)
 ParOldGen       total 87552K, used 960K [0x0000000080c00000, 0x0000000086180000, 0x00000000d5980000)
  object space 87552K, 1% used [0x0000000080c00000,0x0000000080cf0000,0x0000000086180000)
 Metaspace       used 3725K, capacity 4530K, committed 4864K, reserved 1056768K
  class space    used 421K, capacity 426K, committed 512K, reserved 1048576K
Event: 0.636 GC heap after
Heap after GC invocations=5 (full 0):
 PSYoungGen      total 71680K, used 5113K [0x00000000d5980000, 0x00000000ded80000, 0x0000000100000000)
  eden space 66560K, 0% used [0x00000000d5980000,0x00000000d5980000,0x00000000d9a80000)
  from space 5120K, 99% used [0x00000000d9a80000,0x00000000d9f7e520,0x00000000d9f80000)
  to   space 9216K, 0% used [0x00000000de480000,0x00000000de480000,0x00000000ded80000)
 ParOldGen       total 87552K, used 3712K [0x0000000080c00000, 0x0000000086180000, 0x00000000d5980000)
  object space 87552K, 4% used [0x0000000080c00000,0x0000000080fa0000,0x0000000086180000)
 Metaspace       used 3725K, capacity 4530K, committed 4864K, reserved 1056768K
  class space    used 421K, capacity 426K, committed 512K, reserved 1048576K
}
Event: 0.683 GC heap before
{Heap before GC invocations=6 (full 0):
 PSYoungGen      total 71680K, used 71673K [0x00000000d5980000, 0x00000000ded80000, 0x0000000100000000)
  eden space 66560K, 100% used [0x00000000d5980000,0x00000000d9a80000,0x00000000d9a80000)
  from space 5120K, 99% used [0x00000000d9a80000,0x00000000d9f7e520,0x00000000d9f80000)
  to   space 9216K, 0% used [0x00000000de480000,0x00000000de480000,0x00000000ded80000)
 ParOldGen       total 87552K, used 3712K [0x0000000080c00000, 0x0000000086180000, 0x00000000d5980000)
  object space 87552K, 4% used [0x0000000080c00000,0x0000000080fa0000,0x0000000086180000)
 Metaspace       used 3725K, capacity 4530K, committed 4864K, reserved 1056768K
  class space    used 421K, capacity 426K, committed 512K, reserved 1048576K
Event: 0.690 GC heap after
Heap after GC invocations=6 (full 0):
 PSYoungGen      total 141312K, used 8005K [0x00000000d5980000, 0x00000000def80000, 0x0000000100000000)
  eden space 132096K, 0% used [0x00000000d5980000,0x00000000d5980000,0x00000000dda80000)
  from space 9216K, 86% used [0x00000000de480000,0x00000000dec517b0,0x00000000ded80000)
  to   space 10240K, 0% used [0x00000000dda80000,0x00000000dda80000,0x00000000de480000)
 ParOldGen       total 87552K, used 3712K [0x0000000080c00000, 0x0000000086180000, 0x00000000d5980000)
  object space 87552K, 4% used [0x0000000080c00000,0x0000000080fa0000,0x0000000086180000)
 Metaspace       used 3725K, capacity 4530K, committed 4864K, reserved 1056768K
  class space    used 421K, capacity 426K, committed 512K, reserved 1048576K
}
Event: 0.791 GC heap before
{Heap before GC invocations=7 (full 0):
 PSYoungGen      total 141312K, used 140101K [0x00000000d5980000, 0x00000000def80000, 0x0000000100000000)
  eden space 132096K, 100% used [0x00000000d5980000,0x00000000dda80000,0x00000000dda80000)
  from space 9216K, 86% used [0x00000000de480000,0x00000000dec517b0,0x00000000ded80000)
  to   space 10240K, 0% used [0x00000000dda80000,0x00000000dda80000,0x00000000de480000)
 ParOldGen       total 87552K, used 3712K [0x0000000080c00000, 0x0000000086180000, 0x00000000d5980000)
  object space 87552K, 4% used [0x0000000080c00000,0x0000000080fa0000,0x0000000086180000)
 Metaspace       used 3733K, capacity 4530K, committed 4864K, reserved 1056768K
  class space    used 421K, capacity 426K, committed 512K, reserved 1048576K
Event: 0.801 GC heap after
Heap after GC invocations=7 (full 0):
 PSYoungGen      total 142336K, used 10208K [0x00000000d5980000, 0x00000000e7680000, 0x0000000100000000)
  eden space 132096K, 0% used [0x00000000d5980000,0x00000000d5980000,0x00000000dda80000)
  from space 10240K, 99% used [0x00000000dda80000,0x00000000de478368,0x00000000de480000)
  to   space 13824K, 0% used [0x00000000e6900000,0x00000000e6900000,0x00000000e7680000)
 ParOldGen       total 87552K, used 6964K [0x0000000080c00000, 0x0000000086180000, 0x00000000d5980000)
  object space 87552K, 7% used [0x0000000080c00000,0x00000000812cd088,0x0000000086180000)
 Metaspace       used 3733K, capacity 4530K, committed 4864K, reserved 1056768K
  class space    used 421K, capacity 426K, committed 512K, reserved 1048576K
}

